#
# There is insufficient memory for the Java Runtime Environment to continue.
# Native memory allocation (mmap) failed to map 266338304 bytes for G1 virtual space
# Possible reasons:
#   The system is out of physical RAM or swap space
#   The process is running with CompressedOops enabled, and the Java Heap may be blocking the growth of the native heap
# Possible solutions:
#   Reduce memory load on the system
#   Increase physical memory or swap space
#   Check if swap backing store is full
#   Decrease Java heap size (-Xmx/-Xms)
#   Decrease number of Java threads
#   Decrease Java thread stack sizes (-Xss)
#   Set larger code cache with -XX:ReservedCodeCacheSize=
#   JVM is running with Zero Based Compressed Oops mode in which the Java heap is
#     placed in the first 32GB address space. The Java Heap base address is the
#     maximum limit for the native heap growth. Please use -XX:HeapBaseMinAddress
#     to set the Java Heap base and to place the Java Heap above 32GB virtual address.
# This output file may be truncated or incomplete.
#
#  Out of Memory Error (os_windows.cpp:3532), pid=14184, tid=9188
#
# JRE version:  (17.0.2+8) (build )
# Java VM: Java HotSpot(TM) 64-Bit Server VM (17.0.2+8-LTS-86, mixed mode, sharing, tiered, compressed oops, compressed class ptrs, g1 gc, windows-amd64)
# No core dump will be written. Minidumps are not enabled by default on client versions of Windows
#

---------------  S U M M A R Y ------------

Command Line: -Dorg.gradle.appname=gradlew org.gradle.wrapper.GradleWrapperMain -q -Ptarget-platform=android-arm64 -Ptarget=C:\Users\Muhammad Kamran\Desktop\rider_app\lib\main.dart -Pbase-application-name=android.app.Application -Pdart-defines=RkxVVFRFUl9XRUJfQVVUT19ERVRFQ1Q9dHJ1ZQ== -Pdart-obfuscation=false -Ptrack-widget-creation=true -Ptree-shake-icons=false -Pfilesystem-scheme=org-dartlang-root assembleDebug

Host: Intel(R) Core(TM) i7-7500U CPU @ 2.70GHz, 4 cores, 15G,  Windows 11 , 64 bit Build 22000 (10.0.22000.708)
Time: Mon Dec  5 17:11:00 2022 Pakistan Standard Time elapsed time: 0.030962 seconds (0d 0h 0m 0s)

---------------  T H R E A D  ---------------

Current thread (0x0000021014c52d00):  JavaThread "Unknown thread" [_thread_in_vm, id=9188, stack(0x000000483f900000,0x000000483fa00000)]

Stack: [0x000000483f900000,0x000000483fa00000]
Native frames: (J=compiled Java code, j=interpreted, Vv=VM code, C=native code)
V  [jvm.dll+0x670baa]
V  [jvm.dll+0x7cfcb4]
V  [jvm.dll+0x7d145e]
V  [jvm.dll+0x7d1ac3]
V  [jvm.dll+0x242bc5]
V  [jvm.dll+0x66dac9]
V  [jvm.dll+0x662412]
V  [jvm.dll+0x300c0b]
V  [jvm.dll+0x3081a6]
V  [jvm.dll+0x357d0e]
V  [jvm.dll+0x357f3f]
V  [jvm.dll+0x2d7ec8]
V  [jvm.dll+0x2d8e34]
V  [jvm.dll+0x7a18c1]
V  [jvm.dll+0x365a91]
V  [jvm.dll+0x780d2c]
V  [jvm.dll+0x3e845f]
V  [jvm.dll+0x3e9f01]
C  [jli.dll+0x527b]
C  [ucrtbase.dll+0x26c0c]
C  [KERNEL32.DLL+0x154e0]
C  [ntdll.dll+0x485b]


---------------  P R O C E S S  ---------------

Threads class SMR info:
_java_thread_list=0x00007ffb8d689858, length=0, elements={
}

Java Threads: ( => current thread )

Other Threads:
  0x0000021014ca20e0 GCTaskThread "GC Thread#0" [stack: 0x000000483fa00000,0x000000483fb00000] [id=4976]
  0x0000021014cb3cb0 ConcurrentGCThread "G1 Main Marker" [stack: 0x000000483fb00000,0x000000483fc00000] [id=8932]
  0x0000021014cb4820 ConcurrentGCThread "G1 Conc#0" [stack: 0x000000483fc00000,0x000000483fd00000] [id=10172]

[error occurred during error reporting (printing all threads), id 0xc0000005, EXCEPTION_ACCESS_VIOLATION (0xc0000005) at pc=0x00007ffb8ced88a7]

VM state: not at safepoint (not fully initialized)

VM Mutex/Monitor currently owned by a thread:  ([mutex/lock_event])
[0x0000021014c4d1d0] Heap_lock - owner thread: 0x0000021014c52d00

Heap address: 0x0000000703800000, size: 4040 MB, Compressed Oops mode: Zero based, Oop shift amount: 3

CDS archive(s) mapped at: [0x0000000000000000-0x0000000000000000-0x0000000000000000), size 0, SharedBaseAddress: 0x0000000800000000, ArchiveRelocationMode: 0.
Narrow klass base: 0x0000000000000000, Narrow klass shift: 0, Narrow klass range: 0x0

GC Precious Log:
<Empty>

Heap:
 garbage-first heap   total 0K, used 0K [0x0000000703800000, 0x0000000800000000)
  region size 2048K, 0 young (0K), 0 survivors (0K)

[error occurred during error reporting (printing heap information), id 0xc0000005, EXCEPTION_ACCESS_VIOLATION (0xc0000005) at pc=0x00007ffb8d2b9f19]

GC Heap History (0 events):
No events

Deoptimization events (0 events):
No events

Classes unloaded (0 events):
No events

Classes redefined (0 events):
No events

Internal exceptions (0 events):
No events

VM Operations (0 events):
No events

Events (1 events):
Event: 0.013 Loaded shared library C:\Program Files\Java\jdk-17.0.2\bin\java.dll


Dynamic libraries:
0x00007ff775760000 - 0x00007ff775770000 	C:\Program Files\Java\jdk-17.0.2\bin\java.exe
0x00007ffbef940000 - 0x00007ffbefb49000 	C:\WINDOWS\SYSTEM32\ntdll.dll
0x00007ffbedcf0000 - 0x00007ffbeddad000 	C:\WINDOWS\System32\KERNEL32.DLL
0x00007ffbed320000 - 0x00007ffbed69b000 	C:\WINDOWS\System32\KERNELBASE.dll
0x00007ffbece40000 - 0x00007ffbecf51000 	C:\WINDOWS\System32\ucrtbase.dll
0x00007ffba79b0000 - 0x00007ffba79c8000 	C:\Program Files\Java\jdk-17.0.2\bin\jli.dll
0x00007ffbed7c0000 - 0x00007ffbed86e000 	C:\WINDOWS\System32\ADVAPI32.dll
0x00007ffbeed90000 - 0x00007ffbeee33000 	C:\WINDOWS\System32\msvcrt.dll
0x00007ffbee1a0000 - 0x00007ffbee23e000 	C:\WINDOWS\System32\sechost.dll
0x00007ffbedf80000 - 0x00007ffbee0a0000 	C:\WINDOWS\System32\RPCRT4.dll
0x00007ffbeeb80000 - 0x00007ffbeed2d000 	C:\WINDOWS\System32\USER32.dll
0x00007ffbece10000 - 0x00007ffbece36000 	C:\WINDOWS\System32\win32u.dll
0x00007ffbee2b0000 - 0x00007ffbee2d9000 	C:\WINDOWS\System32\GDI32.dll
0x00007ffbed6a0000 - 0x00007ffbed7b8000 	C:\WINDOWS\System32\gdi32full.dll
0x00007ffbecfe0000 - 0x00007ffbed07d000 	C:\WINDOWS\System32\msvcp_win.dll
0x00007ffba7990000 - 0x00007ffba79aa000 	C:\Program Files\Java\jdk-17.0.2\bin\VCRUNTIME140.dll
0x00007ffbd61e0000 - 0x00007ffbd6485000 	C:\WINDOWS\WinSxS\amd64_microsoft.windows.common-controls_6595b64144ccf1df_6.0.22000.120_none_9d947278b86cc467\COMCTL32.dll
0x00007ffbeac90000 - 0x00007ffbeac9a000 	C:\WINDOWS\SYSTEM32\VERSION.dll
0x00007ffbedea0000 - 0x00007ffbeded2000 	C:\WINDOWS\System32\IMM32.DLL
0x00007ffbce060000 - 0x00007ffbce06c000 	C:\Program Files\Java\jdk-17.0.2\bin\vcruntime140_1.dll
0x00007ffb8eab0000 - 0x00007ffb8eb3d000 	C:\Program Files\Java\jdk-17.0.2\bin\msvcp140.dll
0x00007ffb8cbf0000 - 0x00007ffb8d7b1000 	C:\Program Files\Java\jdk-17.0.2\bin\server\jvm.dll
0x00007ffbee2e0000 - 0x00007ffbee2e8000 	C:\WINDOWS\System32\PSAPI.DLL
0x00007ffbd7f10000 - 0x00007ffbd7f19000 	C:\WINDOWS\SYSTEM32\WSOCK32.dll
0x00007ffbeeb10000 - 0x00007ffbeeb7f000 	C:\WINDOWS\System32\WS2_32.dll
0x00007ffbe6fd0000 - 0x00007ffbe7003000 	C:\WINDOWS\SYSTEM32\WINMM.dll
0x00007ffbebe90000 - 0x00007ffbebea8000 	C:\WINDOWS\SYSTEM32\kernel.appcore.dll
0x00007ffbcdab0000 - 0x00007ffbcdaba000 	C:\Program Files\Java\jdk-17.0.2\bin\jimage.dll
0x00007ffbe9c70000 - 0x00007ffbe9e91000 	C:\WINDOWS\SYSTEM32\DBGHELP.DLL
0x00007ffbd22c0000 - 0x00007ffbd22f1000 	C:\WINDOWS\SYSTEM32\dbgcore.DLL
0x00007ffbecf60000 - 0x00007ffbecfdf000 	C:\WINDOWS\System32\bcryptPrimitives.dll
0x00007ffb8e990000 - 0x00007ffb8e9b5000 	C:\Program Files\Java\jdk-17.0.2\bin\java.dll

dbghelp: loaded successfully - version: 4.0.5 - missing functions: none
symbol engine: initialized successfully - sym options: 0x614 - pdb path: .;C:\Program Files\Java\jdk-17.0.2\bin;C:\WINDOWS\SYSTEM32;C:\WINDOWS\WinSxS\amd64_microsoft.windows.common-controls_6595b64144ccf1df_6.0.22000.120_none_9d947278b86cc467;C:\Program Files\Java\jdk-17.0.2\bin\server

VM Arguments:
jvm_args: -Dorg.gradle.appname=gradlew 
java_command: org.gradle.wrapper.GradleWrapperMain -q -Ptarget-platform=android-arm64 -Ptarget=C:\Users\Muhammad Kamran\Desktop\rider_app\lib\main.dart -Pbase-application-name=android.app.Application -Pdart-defines=RkxVVFRFUl9XRUJfQVVUT19ERVRFQ1Q9dHJ1ZQ== -Pdart-obfuscation=false -Ptrack-widget-creation=true -Ptree-shake-icons=false -Pfilesystem-scheme=org-dartlang-root assembleDebug
java_class_path (initial): C:\Users\Muhammad Kamran\Desktop\rider_app\android\\gradle\wrapper\gradle-wrapper.jar
Launcher Type: SUN_STANDARD

[Global flags]
     intx CICompilerCount                          = 3                                         {product} {ergonomic}
     uint ConcGCThreads                            = 1                                         {product} {ergonomic}
     uint G1ConcRefinementThreads                  = 4                                         {product} {ergonomic}
   size_t G1HeapRegionSize                         = 2097152                                   {product} {ergonomic}
    uintx GCDrainStackTargetSize                   = 64                                        {product} {ergonomic}
   size_t InitialHeapSize                          = 266338304                                 {product} {ergonomic}
   size_t MarkStackSize                            = 4194304                                   {product} {ergonomic}
   size_t MaxHeapSize                              = 4236247040                                {product} {ergonomic}
   size_t MinHeapDeltaBytes                        = 2097152                                   {product} {ergonomic}
   size_t MinHeapSize                              = 8388608                                   {product} {ergonomic}
    uintx NonNMethodCodeHeapSize                   = 5832780                                {pd product} {ergonomic}
    uintx NonProfiledCodeHeapSize                  = 122912730                              {pd product} {ergonomic}
    uintx ProfiledCodeHeapSize                     = 122912730                              {pd product} {ergonomic}
    uintx ReservedCodeCacheSize                    = 251658240                              {pd product} {ergonomic}
     bool SegmentedCodeCache                       = true                                      {product} {ergonomic}
   size_t SoftMaxHeapSize                          = 4236247040                             {manageable} {ergonomic}
     bool UseCompressedClassPointers               = true                           {product lp64_product} {ergonomic}
     bool UseCompressedOops                        = true                           {product lp64_product} {ergonomic}
     bool UseG1GC                                  = true                                      {product} {ergonomic}
     bool UseLargePagesIndividualAllocation        = false                                  {pd product} {ergonomic}

Logging:
Log output configuration:
 #0: stdout all=warning uptime,level,tags
 #1: stderr all=off uptime,level,tags

Environment Variables:
JAVA_HOME=C:\Program Files\Java\jdk-17.0.2
CLASSPATH=C:\Users\Muhammad Kamran\Desktop\rider_app\android\\gradle\wrapper\gradle-wrapper.jar
PATH=C:\Program Files\Common Files\Oracle\Java\javapath;C:\Program Files (x86)\Common Files\Oracle\Java\javapath;C:\WINDOWS\system32;C:\WINDOWS;C:\WINDOWS\System32\Wbem;C:\WINDOWS\System32\WindowsPowerShell\v1.0\;C:\WINDOWS\System32\OpenSSH\;C:\flutter\bin;C:\Program Files\Dart\dart-sdk\bin;C:\Program Files\Git\cmd;%JAVA_HOME$\bin;C:\Program Files (x86)\IncrediBuild;C:\Program Files\nodejs\;C:\Users\Muhammad Kamran\AppData\Local\Microsoft\WindowsApps;C:\Program Files\JetBrains\PyCharm Community Edition 2021.2\bin;;C:\Program Files\Dart\dart-sdk;C:\Program Files\Git\bin;C:\Users\Muhammad Kamran\AppData\Local\Programs\Microsoft VS Code\bin;C:\flutter\bin;C:\Users\Muhammad Kamran\AppData\Local\GitHubDesktop\bin;C:\Users\Muhammad Kamran\AppData\Roaming\npm;C:\flutter\bin\mingit\cmd
USERNAME=Muhammad Kamran
OS=Windows_NT
PROCESSOR_IDENTIFIER=Intel64 Family 6 Model 142 Stepping 9, GenuineIntel



---------------  S Y S T E M  ---------------

OS:
 Windows 11 , 64 bit Build 22000 (10.0.22000.708)
OS uptime: 1 days 8:25 hours

CPU: total 4 (initial active 4) (2 cores per cpu, 2 threads per core) family 6 model 142 stepping 9 microcode 0xde, cx8, cmov, fxsr, ht, mmx, 3dnowpref, sse, sse2, sse3, ssse3, sse4.1, sse4.2, popcnt, lzcnt, tsc, tscinvbit, avx, avx2, aes, erms, clmul, bmi1, bmi2, adx, fma, vzeroupper, clflush, clflushopt

Memory: 4k page, system-wide physical 16153M (2540M free)
TotalPageFile size 16153M (AvailPageFile size 62M)
current process WorkingSet (physical memory assigned to process): 10M, peak: 10M
current process commit charge ("private bytes"): 51M, peak: 305M

vm_info: Java HotSpot(TM) 64-Bit Server VM (17.0.2+8-LTS-86) for windows-amd64 JRE (17.0.2+8-LTS-86), built on Dec  7 2021 21:51:03 by "mach5one" with MS VC++ 16.8 / 16.9 (VS2019)

END.
